0 info it worked if it ends with ok
1 verbose cli [ 'C:\\Program Files\\nodejs\\node.exe',
1 verbose cli   'C:\\Users\\Laur\\AppData\\Roaming\\npm\\node_modules\\npm\\bin\\npm-cli.js',
1 verbose cli   'start' ]
2 info using npm@3.8.1
3 info using node@v4.4.0
4 verbose run-script [ 'prestart', 'start', 'poststart' ]
5 info lifecycle Project@0.0.0~prestart: Project@0.0.0
6 silly lifecycle Project@0.0.0~prestart: no script for prestart, continuing
7 info lifecycle Project@0.0.0~start: Project@0.0.0
8 verbose lifecycle Project@0.0.0~start: unsafe-perm in lifecycle true
9 verbose lifecycle Project@0.0.0~start: PATH: C:\Users\Laur\AppData\Roaming\npm\node_modules\npm\bin\node-gyp-bin;D:\homework\PDM\Project\node_modules\.bin;C:\Program Files\nodejs;C:\ProgramData\Oracle\Java\javapath;c:\program files\imagemagick-6.9.2-q16;c:\program files (x86)\intel\icls client\;c:\program files\intel\icls client\;c:\windows\system32;c:\windows;c:\windows\system32\wbem;c:\windows\system32\windowspowershell\v1.0\;c:\program files\intel\intel(r) management engine components\dal;c:\program files (x86)\intel\intel(r) management engine components\dal;c:\program files\intel\intel(r) management engine components\ipt;c:\program files (x86)\intel\intel(r) management engine components\ipt;c:\program files\widcomm\bluetooth software\;c:\program files\widcomm\bluetooth software\syswow64;c:\windows\system32;c:\windows;c:\windows\system32\wbem;c:\windows\system32\windowspowershell\v1.0\;C:\Program Files (x86)\NVIDIA Corporation\PhysX\Common;C:\Program Files\nodejs\;C:\Program Files\MongoDB\Server\3.2\bin\;C:\Users\Laur\AppData\Roaming\npm
10 verbose lifecycle Project@0.0.0~start: CWD: D:\homework\PDM\Project
11 silly lifecycle Project@0.0.0~start: Args: [ '/d /s /c', 'node ./bin/www' ]
12 silly lifecycle Project@0.0.0~start: Returned: code: 1  signal: null
13 info lifecycle Project@0.0.0~start: Failed to exec start script
14 verbose stack Error: Project@0.0.0 start: `node ./bin/www`
14 verbose stack Exit status 1
14 verbose stack     at EventEmitter.<anonymous> (C:\Users\Laur\AppData\Roaming\npm\node_modules\npm\lib\utils\lifecycle.js:239:16)
14 verbose stack     at emitTwo (events.js:87:13)
14 verbose stack     at EventEmitter.emit (events.js:172:7)
14 verbose stack     at ChildProcess.<anonymous> (C:\Users\Laur\AppData\Roaming\npm\node_modules\npm\lib\utils\spawn.js:24:14)
14 verbose stack     at emitTwo (events.js:87:13)
14 verbose stack     at ChildProcess.emit (events.js:172:7)
14 verbose stack     at maybeClose (internal/child_process.js:827:16)
14 verbose stack     at Process.ChildProcess._handle.onexit (internal/child_process.js:211:5)
15 verbose pkgid Project@0.0.0
16 verbose cwd D:\homework\PDM\Project
17 error Windows_NT 10.0.10586
18 error argv "C:\\Program Files\\nodejs\\node.exe" "C:\\Users\\Laur\\AppData\\Roaming\\npm\\node_modules\\npm\\bin\\npm-cli.js" "start"
19 error node v4.4.0
20 error npm  v3.8.1
21 error code ELIFECYCLE
22 error Project@0.0.0 start: `node ./bin/www`
22 error Exit status 1
23 error Failed at the Project@0.0.0 start script 'node ./bin/www'.
23 error Make sure you have the latest version of node.js and npm installed.
23 error If you do, this is most likely a problem with the Project package,
23 error not with npm itself.
23 error Tell the author that this fails on your system:
23 error     node ./bin/www
23 error You can get information on how to open an issue for this project with:
23 error     npm bugs Project
23 error Or if that isn't available, you can get their info via:
23 error     npm owner ls Project
23 error There is likely additional logging output above.
24 verbose exit [ 1, true ]
